<?xml version="1.0" encoding="UTF-8"?>
<!-- Generated by org.testng.reporters.JUnitXMLReporter -->
<testsuite ignored="0" hostname="DESKTOP-ALKD1OP" failures="0" tests="17" name="Testing" time="5.824" errors="0" timestamp="2022-10-23T20:00:32 EEST">
  <testcase classname="qa.tests.TC_Vehicle_registration" name="test_case_1" time="0.482"/>
  <testcase classname="qa.tests.TC_Vehicle_registration" name="test_case_1" time="0.376"/>
  <testcase classname="qa.tests.TC_Vehicle_registration" name="test_case_1" time="0.36"/>
  <testcase classname="qa.tests.TC_Vehicle_registration" name="test_case_1" time="0.365"/>
  <testcase classname="qa.tests.TC_Vehicle_registration" name="test_case_1" time="0.357"/>
  <testcase classname="qa.tests.TC_Vehicle_registration" name="test_case_1" time="0.355"/>
  <testcase classname="qa.tests.TC_Vehicle_registration" name="test_case_1" time="0.382"/>
  <testcase classname="qa.tests.TC_Vehicle_registration" name="test_case_1" time="0.339"/>
  <testcase classname="qa.tests.TC_Vehicle_registration" name="test_case_1" time="0.347"/>
  <testcase classname="qa.tests.TC_Vehicle_registration" name="test_case_1" time="0.351"/>
  <testcase classname="qa.tests.TC_Vehicle_registration" name="test_case_1" time="0.364"/>
  <testcase classname="qa.tests.TC_Vehicle_registration" name="test_case_1" time="0.346"/>
  <testcase classname="qa.tests.TC_Vehicle_registration" name="test_case_1" time="0.363"/>
  <testcase classname="qa.tests.TC_Vehicle_registration" name="test_case_1" time="0.364"/>
  <testcase classname="qa.tests.TC_Vehicle_registration" name="test_case_1" time="0.245"/>
  <testcase classname="qa.tests.TC_Vehicle_registration" name="test_case_1" time="0.245"/>
  <testcase classname="qa.tests.TC_Vehicle_registration" name="test_case_1" time="0.135"/>
</testsuite> <!-- Testing -->
